<?xml version="1.0" encoding="UTF-8" ?>
<testsuite tests="24" failures="2" name="org.apache.flume.sink.hdfs.TestHDFSEventSink" time="67.415" errors="0" skipped="0">
  <properties>
[...]
</properties>
  <testcase classname="org.apache.flume.sink.hdfs.TestHDFSEventSink" name="testTextBatchAppend" time="0.901"/>
  <testcase classname="org.apache.flume.sink.hdfs.TestHDFSEventSink" name="testTextBatchAppendRawFS" time="0.365"/>
  <testcase classname="org.apache.flume.sink.hdfs.TestHDFSEventSink" name="testKerbFileAccess" time="0.03"/>
  <testcase classname="org.apache.flume.sink.hdfs.TestHDFSEventSink" name="testSimpleAppendLocalTime" time="0.146"/>
  <testcase classname="org.apache.flume.sink.hdfs.TestHDFSEventSink" name="testBadSimpleAppend" time="6.134"/>
  <testcase classname="org.apache.flume.sink.hdfs.TestHDFSEventSink" name="testCloseRemovesFromSFWriters" time="0.077">
    <failure type="java.lang.AssertionError">java.lang.AssertionError
	at org.junit.Assert.fail(Assert.java:92)
	at org.junit.Assert.assertTrue(Assert.java:43)
	at org.junit.Assert.assertTrue(Assert.java:54)
	at org.apache.flume.sink.hdfs.TestHDFSEventSink.testCloseRemovesFromSFWriters(TestHDFSEventSink.java:1075)
	at sun.reflect.NativeMethodAccessorImpl.invoke0(Native Method)
	at sun.reflect.NativeMethodAccessorImpl.invoke(NativeMethodAccessorImpl.java:62)
	at sun.reflect.DelegatingMethodAccessorImpl.invoke(DelegatingMethodAccessorImpl.java:43)
	at java.lang.reflect.Method.invoke(Method.java:498)
	at org.junit.runners.model.FrameworkMethod$1.runReflectiveCall(FrameworkMethod.java:45)
	at org.junit.internal.runners.model.ReflectiveCallable.run(ReflectiveCallable.java:15)
	at org.junit.runners.model.FrameworkMethod.invokeExplosively(FrameworkMethod.java:42)
	at org.junit.internal.runners.statements.InvokeMethod.evaluate(InvokeMethod.java:20)
	at org.junit.internal.runners.statements.RunBefores.evaluate(RunBefores.java:28)
	at org.junit.internal.runners.statements.RunAfters.evaluate(RunAfters.java:30)
	at org.junit.runners.ParentRunner.runLeaf(ParentRunner.java:263)
	at org.junit.runners.BlockJUnit4ClassRunner.runChild(BlockJUnit4ClassRunner.java:68)
	at org.junit.runners.BlockJUnit4ClassRunner.runChild(BlockJUnit4ClassRunner.java:47)
	at org.junit.runners.ParentRunner$3.run(ParentRunner.java:231)
	at org.junit.runners.ParentRunner$1.schedule(ParentRunner.java:60)
	at org.junit.runners.ParentRunner.runChildren(ParentRunner.java:229)
	at org.junit.runners.ParentRunner.access$000(ParentRunner.java:50)
	at org.junit.runners.ParentRunner$2.evaluate(ParentRunner.java:222)
	at org.junit.runners.ParentRunner.run(ParentRunner.java:300)
	at org.apache.maven.surefire.junit4.JUnit4Provider.execute(JUnit4Provider.java:252)
	at org.apache.maven.surefire.junit4.JUnit4Provider.executeTestSet(JUnit4Provider.java:141)
	at org.apache.maven.surefire.junit4.JUnit4Provider.invoke(JUnit4Provider.java:112)
	at sun.reflect.NativeMethodAccessorImpl.invoke0(Native Method)
	at sun.reflect.NativeMethodAccessorImpl.invoke(NativeMethodAccessorImpl.java:62)
	at sun.reflect.DelegatingMethodAccessorImpl.invoke(DelegatingMethodAccessorImpl.java:43)
	at java.lang.reflect.Method.invoke(Method.java:498)
	at org.apache.maven.surefire.util.ReflectionUtils.invokeMethodWithArray(ReflectionUtils.java:189)
	at org.apache.maven.surefire.booter.ProviderFactory$ProviderProxy.invoke(ProviderFactory.java:165)
	at org.apache.maven.surefire.booter.ProviderFactory.invokeProvider(ProviderFactory.java:85)
	at org.apache.maven.surefire.booter.ForkedBooter.runSuitesInProcess(ForkedBooter.java:115)
	at org.apache.maven.surefire.booter.ForkedBooter.main(ForkedBooter.java:75)
</failure>
    <system-out>2017-09-08 13:45:05,987 (main) [DEBUG - org.apache.flume.sink.hdfs.TestHDFSEventSink.setUp(TestHDFSEventSink.java:104)] Starting...
2017-09-08 13:45:06,002 (main) [DEBUG - org.apache.flume.sink.hdfs.TestHDFSEventSink.testCloseRemovesFromSFWriters(TestHDFSEventSink.java:1016)] Starting...
2017-09-08 13:45:06,017 (main) [DEBUG - org.apache.flume.instrumentation.MonitoredCounterGroup.register(MonitoredCounterGroup.java:111)] Monitored counter group for type: SINK, name: null: Another MBean is already registered with this name. Unregistering that pre-existing MBean now...
2017-09-08 13:45:06,018 (main) [DEBUG - org.apache.flume.instrumentation.MonitoredCounterGroup.register(MonitoredCounterGroup.java:115)] Monitored counter group for type: SINK, name: null: Successfully unregistered pre-existing MBean.
2017-09-08 13:45:06,018 (main) [INFO - org.apache.flume.instrumentation.MonitoredCounterGroup.register(MonitoredCounterGroup.java:119)] Monitored counter group for type: SINK, name: null: Successfully registered new MBean.
2017-09-08 13:45:06,018 (main) [INFO - org.apache.flume.instrumentation.MonitoredCounterGroup.start(MonitoredCounterGroup.java:95)] Component type: SINK, name: null started
2017-09-08 13:45:06,019 (main) [INFO - org.apache.flume.sink.hdfs.HDFSSequenceFile.configure(HDFSSequenceFile.java:63)] writeFormat = Writable, UseRawLocalFileSystem = false
2017-09-08 13:45:06,031 (main) [INFO - org.apache.flume.sink.hdfs.BucketWriter.open(BucketWriter.java:231)] Creating file:///tmp/flume-test.1504849505988.1/singleBucket/FlumeData.1504849506020.tmp
2017-09-08 13:45:06,048 (hdfs-null-call-runner-0) [INFO - org.apache.flume.sink.hdfs.AbstractHDFSWriter.reflectGetNumCurrentReplicas(AbstractHDFSWriter.java:189)] FileSystem&apos;s output stream doesn&apos;t support getNumCurrentReplicas; --HDFS-826 not available; fsOut=org.apache.hadoop.fs.ChecksumFileSystem$ChecksumFSOutputSummer; err=java.lang.NoSuchMethodException: org.apache.hadoop.fs.ChecksumFileSystem$ChecksumFSOutputSummer.getNumCurrentReplicas()
2017-09-08 13:45:06,048 (hdfs-null-call-runner-0) [DEBUG - org.apache.flume.sink.hdfs.AbstractHDFSWriter.reflectGetDefaultReplication(AbstractHDFSWriter.java:228)] Using FileSystem.getDefaultReplication(Path) from HADOOP-8014
2017-09-08 13:45:06,048 (main) [WARN - org.apache.flume.sink.hdfs.BucketWriter.getRefIsClosed(BucketWriter.java:182)] isFileClosed is not available in the version of HDFS being used. Flume will not attempt to close files if the close fails on the first attempt
java.lang.NoSuchMethodException: org.apache.hadoop.fs.LocalFileSystem.isFileClosed(org.apache.hadoop.fs.Path)
	at java.lang.Class.getMethod(Class.java:1786)
	at org.apache.flume.sink.hdfs.BucketWriter.getRefIsClosed(BucketWriter.java:179)
	at org.apache.flume.sink.hdfs.BucketWriter.open(BucketWriter.java:263)
	at org.apache.flume.sink.hdfs.BucketWriter.append(BucketWriter.java:504)
	at org.apache.flume.sink.hdfs.HDFSEventSink.process(HDFSEventSink.java:406)
	at org.apache.flume.sink.hdfs.TestHDFSEventSink.testCloseRemovesFromSFWriters(TestHDFSEventSink.java:1074)
	at sun.reflect.NativeMethodAccessorImpl.invoke0(Native Method)
	at sun.reflect.NativeMethodAccessorImpl.invoke(NativeMethodAccessorImpl.java:62)
	at sun.reflect.DelegatingMethodAccessorImpl.invoke(DelegatingMethodAccessorImpl.java:43)
	at java.lang.reflect.Method.invoke(Method.java:498)
	at org.junit.runners.model.FrameworkMethod$1.runReflectiveCall(FrameworkMethod.java:45)
	at org.junit.internal.runners.model.ReflectiveCallable.run(ReflectiveCallable.java:15)
	at org.junit.runners.model.FrameworkMethod.invokeExplosively(FrameworkMethod.java:42)
	at org.junit.internal.runners.statements.InvokeMethod.evaluate(InvokeMethod.java:20)
	at org.junit.internal.runners.statements.RunBefores.evaluate(RunBefores.java:28)
	at org.junit.internal.runners.statements.RunAfters.evaluate(RunAfters.java:30)
	at org.junit.runners.ParentRunner.runLeaf(ParentRunner.java:263)
	at org.junit.runners.BlockJUnit4ClassRunner.runChild(BlockJUnit4ClassRunner.java:68)
	at org.junit.runners.BlockJUnit4ClassRunner.runChild(BlockJUnit4ClassRunner.java:47)
	at org.junit.runners.ParentRunner$3.run(ParentRunner.java:231)
	at org.junit.runners.ParentRunner$1.schedule(ParentRunner.java:60)
	at org.junit.runners.ParentRunner.runChildren(ParentRunner.java:229)
	at org.junit.runners.ParentRunner.access$000(ParentRunner.java:50)
	at org.junit.runners.ParentRunner$2.evaluate(ParentRunner.java:222)
	at org.junit.runners.ParentRunner.run(ParentRunner.java:300)
	at org.apache.maven.surefire.junit4.JUnit4Provider.execute(JUnit4Provider.java:252)
	at org.apache.maven.surefire.junit4.JUnit4Provider.executeTestSet(JUnit4Provider.java:141)
	at org.apache.maven.surefire.junit4.JUnit4Provider.invoke(JUnit4Provider.java:112)
	at sun.reflect.NativeMethodAccessorImpl.invoke0(Native Method)
	at sun.reflect.NativeMethodAccessorImpl.invoke(NativeMethodAccessorImpl.java:62)
	at sun.reflect.DelegatingMethodAccessorImpl.invoke(DelegatingMethodAccessorImpl.java:43)
	at java.lang.reflect.Method.invoke(Method.java:498)
	at org.apache.maven.surefire.util.ReflectionUtils.invokeMethodWithArray(ReflectionUtils.java:189)
	at org.apache.maven.surefire.booter.ProviderFactory$ProviderProxy.invoke(ProviderFactory.java:165)
	at org.apache.maven.surefire.booter.ProviderFactory.invokeProvider(ProviderFactory.java:85)
	at org.apache.maven.surefire.booter.ForkedBooter.runSuitesInProcess(ForkedBooter.java:115)
	at org.apache.maven.surefire.booter.ForkedBooter.main(ForkedBooter.java:75)
2017-09-08 13:45:06,050 (main) [INFO - org.apache.flume.sink.hdfs.TestHDFSEventSink.testCloseRemovesFromSFWriters(TestHDFSEventSink.java:1074)] execute sink to process the events: READY
2017-09-08 13:45:06,062 (main) [WARN - org.apache.hadoop.fs.FileUtil.deleteImpl(FileUtil.java:187)] Failed to delete file or dir [E:\tmp\flume-test.1504849505988.1\singleBucket\.FlumeData.1504849506020.tmp.crc]: it still exists.
2017-09-08 13:45:06,063 (main) [WARN - org.apache.hadoop.fs.FileUtil.deleteImpl(FileUtil.java:187)] Failed to delete file or dir [E:\tmp\flume-test.1504849505988.1\singleBucket\FlumeData.1504849506020.tmp]: it still exists.
</system-out>
  </testcase>
  <testcase classname="org.apache.flume.sink.hdfs.TestHDFSEventSink" name="testSlowAppendFailure" time="2.107"/>
  <testcase classname="org.apache.flume.sink.hdfs.TestHDFSEventSink" name="testCloseReopenOnRollTime" time="5.173"/>
  <testcase classname="org.apache.flume.sink.hdfs.TestHDFSEventSink" name="testSlowAppendWithLongTimeout" time="6.093"/>
  <testcase classname="org.apache.flume.sink.hdfs.TestHDFSEventSink" name="testSlowAppendWithoutTimeout" time="6.087"/>
  <testcase classname="org.apache.flume.sink.hdfs.TestHDFSEventSink" name="testRetryRename" time="34.71"/>
  <testcase classname="org.apache.flume.sink.hdfs.TestHDFSEventSink" name="testCloseOnIdle" time="4.656"/>
  <testcase classname="org.apache.flume.sink.hdfs.TestHDFSEventSink" name="testSimpleAppend" time="0.107"/>
  <testcase classname="org.apache.flume.sink.hdfs.TestHDFSEventSink" name="testAppend" time="0.12"/>
  <testcase classname="org.apache.flume.sink.hdfs.TestHDFSEventSink" name="testAvroAppend" time="0.249"/>
  <testcase classname="org.apache.flume.sink.hdfs.TestHDFSEventSink" name="testCloseReopen" time="0.102"/>
  <testcase classname="org.apache.flume.sink.hdfs.TestHDFSEventSink" name="testLifecycle" time="0.016"/>
  <testcase classname="org.apache.flume.sink.hdfs.TestHDFSEventSink" name="testTextAppend" time="0.077"/>
  <testcase classname="org.apache.flume.sink.hdfs.TestHDFSEventSink" name="testBadConfigurationForRetryCountNegative" time="0.019"/>
  <testcase classname="org.apache.flume.sink.hdfs.TestHDFSEventSink" name="testBlockCompressSequenceFileWriterSync" time="0.181">
    <failure message="expected:&lt;1&gt; but was:&lt;2&gt;" type="java.lang.AssertionError">java.lang.AssertionError: expected:&lt;1&gt; but was:&lt;2&gt;
	at org.junit.Assert.fail(Assert.java:93)
	at org.junit.Assert.failNotEquals(Assert.java:647)
	at org.junit.Assert.assertEquals(Assert.java:128)
	at org.junit.Assert.assertEquals(Assert.java:472)
	at org.junit.Assert.assertEquals(Assert.java:456)
	at org.apache.flume.sink.hdfs.TestHDFSEventSink.sequenceFileWriteAndVerifyEvents(TestHDFSEventSink.java:1408)
	at org.apache.flume.sink.hdfs.TestHDFSEventSink.testBlockCompressSequenceFileWriterSync(TestHDFSEventSink.java:1352)
	at sun.reflect.NativeMethodAccessorImpl.invoke0(Native Method)
	at sun.reflect.NativeMethodAccessorImpl.invoke(NativeMethodAccessorImpl.java:62)
	at sun.reflect.DelegatingMethodAccessorImpl.invoke(DelegatingMethodAccessorImpl.java:43)
	at java.lang.reflect.Method.invoke(Method.java:498)
	at org.junit.runners.model.FrameworkMethod$1.runReflectiveCall(FrameworkMethod.java:45)
	at org.junit.internal.runners.model.ReflectiveCallable.run(ReflectiveCallable.java:15)
	at org.junit.runners.model.FrameworkMethod.invokeExplosively(FrameworkMethod.java:42)
	at org.junit.internal.runners.statements.InvokeMethod.evaluate(InvokeMethod.java:20)
	at org.junit.internal.runners.statements.RunBefores.evaluate(RunBefores.java:28)
	at org.junit.internal.runners.statements.RunAfters.evaluate(RunAfters.java:30)
	at org.junit.runners.ParentRunner.runLeaf(ParentRunner.java:263)
	at org.junit.runners.BlockJUnit4ClassRunner.runChild(BlockJUnit4ClassRunner.java:68)
	at org.junit.runners.BlockJUnit4ClassRunner.runChild(BlockJUnit4ClassRunner.java:47)
	at org.junit.runners.ParentRunner$3.run(ParentRunner.java:231)
	at org.junit.runners.ParentRunner$1.schedule(ParentRunner.java:60)
	at org.junit.runners.ParentRunner.runChildren(ParentRunner.java:229)
	at org.junit.runners.ParentRunner.access$000(ParentRunner.java:50)
	at org.junit.runners.ParentRunner$2.evaluate(ParentRunner.java:222)
	at org.junit.runners.ParentRunner.run(ParentRunner.java:300)
	at org.apache.maven.surefire.junit4.JUnit4Provider.execute(JUnit4Provider.java:252)
	at org.apache.maven.surefire.junit4.JUnit4Provider.executeTestSet(JUnit4Provider.java:141)
	at org.apache.maven.surefire.junit4.JUnit4Provider.invoke(JUnit4Provider.java:112)
	at sun.reflect.NativeMethodAccessorImpl.invoke0(Native Method)
	at sun.reflect.NativeMethodAccessorImpl.invoke(NativeMethodAccessorImpl.java:62)
	at sun.reflect.DelegatingMethodAccessorImpl.invoke(DelegatingMethodAccessorImpl.java:43)
	at java.lang.reflect.Method.invoke(Method.java:498)
	at org.apache.maven.surefire.util.ReflectionUtils.invokeMethodWithArray(ReflectionUtils.java:189)
	at org.apache.maven.surefire.booter.ProviderFactory$ProviderProxy.invoke(ProviderFactory.java:165)
	at org.apache.maven.surefire.booter.ProviderFactory.invokeProvider(ProviderFactory.java:85)
	at org.apache.maven.surefire.booter.ForkedBooter.runSuitesInProcess(ForkedBooter.java:115)
	at org.apache.maven.surefire.booter.ForkedBooter.main(ForkedBooter.java:75)
</failure>
    <system-out>2017-09-08 13:46:05,582 (main) [DEBUG - org.apache.flume.sink.hdfs.TestHDFSEventSink.setUp(TestHDFSEventSink.java:104)] Starting...
2017-09-08 13:46:05,609 (main) [INFO - org.apache.flume.instrumentation.MonitoredCounterGroup.register(MonitoredCounterGroup.java:119)] Monitored counter group for type: SINK, name: HDFSEventSink-86a4d3f8-26c7-42c4-b32f-414200e70d46: Successfully registered new MBean.
2017-09-08 13:46:05,609 (main) [INFO - org.apache.flume.instrumentation.MonitoredCounterGroup.start(MonitoredCounterGroup.java:95)] Component type: SINK, name: HDFSEventSink-86a4d3f8-26c7-42c4-b32f-414200e70d46 started
2017-09-08 13:46:05,610 (main) [INFO - org.apache.flume.sink.hdfs.HDFSSequenceFile.configure(HDFSSequenceFile.java:63)] writeFormat = Writable, UseRawLocalFileSystem = false
2017-09-08 13:46:05,621 (main) [INFO - org.apache.flume.sink.hdfs.BucketWriter.open(BucketWriter.java:231)] Creating file:///tmp/flume-test.1504849565582.1/sequenceFileWriterSync/FlumeData.1504849565610.bz2.tmp
2017-09-08 13:46:05,633 (hdfs-HDFSEventSink-86a4d3f8-26c7-42c4-b32f-414200e70d46-call-runner-0) [WARN - org.apache.hadoop.io.compress.bzip2.Bzip2Factory.isNativeBzip2Loaded(Bzip2Factory.java:73)] Failed to load/initialize native-bzip2 library system-native, will use pure-Java version
2017-09-08 13:46:05,637 (hdfs-HDFSEventSink-86a4d3f8-26c7-42c4-b32f-414200e70d46-call-runner-0) [INFO - org.apache.flume.sink.hdfs.AbstractHDFSWriter.reflectGetNumCurrentReplicas(AbstractHDFSWriter.java:189)] FileSystem&apos;s output stream doesn&apos;t support getNumCurrentReplicas; --HDFS-826 not available; fsOut=java.io.BufferedOutputStream; err=java.lang.NoSuchMethodException: java.io.BufferedOutputStream.getNumCurrentReplicas()
2017-09-08 13:46:05,637 (hdfs-HDFSEventSink-86a4d3f8-26c7-42c4-b32f-414200e70d46-call-runner-0) [DEBUG - org.apache.flume.sink.hdfs.AbstractHDFSWriter.reflectGetDefaultReplication(AbstractHDFSWriter.java:228)] Using FileSystem.getDefaultReplication(Path) from HADOOP-8014
2017-09-08 13:46:05,637 (main) [WARN - org.apache.flume.sink.hdfs.BucketWriter.getRefIsClosed(BucketWriter.java:182)] isFileClosed is not available in the version of HDFS being used. Flume will not attempt to close files if the close fails on the first attempt
java.lang.NoSuchMethodException: org.apache.hadoop.fs.LocalFileSystem.isFileClosed(org.apache.hadoop.fs.Path)
	at java.lang.Class.getMethod(Class.java:1786)
	at org.apache.flume.sink.hdfs.BucketWriter.getRefIsClosed(BucketWriter.java:179)
	at org.apache.flume.sink.hdfs.BucketWriter.open(BucketWriter.java:263)
	at org.apache.flume.sink.hdfs.BucketWriter.append(BucketWriter.java:504)
	at org.apache.flume.sink.hdfs.HDFSEventSink.process(HDFSEventSink.java:406)
	at org.apache.flume.sink.hdfs.TestHDFSEventSink.sequenceFileWriteAndVerifyEvents(TestHDFSEventSink.java:1400)
	at org.apache.flume.sink.hdfs.TestHDFSEventSink.testBlockCompressSequenceFileWriterSync(TestHDFSEventSink.java:1348)
	at sun.reflect.NativeMethodAccessorImpl.invoke0(Native Method)
	at sun.reflect.NativeMethodAccessorImpl.invoke(NativeMethodAccessorImpl.java:62)
	at sun.reflect.DelegatingMethodAccessorImpl.invoke(DelegatingMethodAccessorImpl.java:43)
	at java.lang.reflect.Method.invoke(Method.java:498)
	at org.junit.runners.model.FrameworkMethod$1.runReflectiveCall(FrameworkMethod.java:45)
	at org.junit.internal.runners.model.ReflectiveCallable.run(ReflectiveCallable.java:15)
	at org.junit.runners.model.FrameworkMethod.invokeExplosively(FrameworkMethod.java:42)
	at org.junit.internal.runners.statements.InvokeMethod.evaluate(InvokeMethod.java:20)
	at org.junit.internal.runners.statements.RunBefores.evaluate(RunBefores.java:28)
	at org.junit.internal.runners.statements.RunAfters.evaluate(RunAfters.java:30)
	at org.junit.runners.ParentRunner.runLeaf(ParentRunner.java:263)
	at org.junit.runners.BlockJUnit4ClassRunner.runChild(BlockJUnit4ClassRunner.java:68)
	at org.junit.runners.BlockJUnit4ClassRunner.runChild(BlockJUnit4ClassRunner.java:47)
	at org.junit.runners.ParentRunner$3.run(ParentRunner.java:231)
	at org.junit.runners.ParentRunner$1.schedule(ParentRunner.java:60)
	at org.junit.runners.ParentRunner.runChildren(ParentRunner.java:229)
	at org.junit.runners.ParentRunner.access$000(ParentRunner.java:50)
	at org.junit.runners.ParentRunner$2.evaluate(ParentRunner.java:222)
	at org.junit.runners.ParentRunner.run(ParentRunner.java:300)
	at org.apache.maven.surefire.junit4.JUnit4Provider.execute(JUnit4Provider.java:252)
	at org.apache.maven.surefire.junit4.JUnit4Provider.executeTestSet(JUnit4Provider.java:141)
	at org.apache.maven.surefire.junit4.JUnit4Provider.invoke(JUnit4Provider.java:112)
	at sun.reflect.NativeMethodAccessorImpl.invoke0(Native Method)
	at sun.reflect.NativeMethodAccessorImpl.invoke(NativeMethodAccessorImpl.java:62)
	at sun.reflect.DelegatingMethodAccessorImpl.invoke(DelegatingMethodAccessorImpl.java:43)
	at java.lang.reflect.Method.invoke(Method.java:498)
	at org.apache.maven.surefire.util.ReflectionUtils.invokeMethodWithArray(ReflectionUtils.java:189)
	at org.apache.maven.surefire.booter.ProviderFactory$ProviderProxy.invoke(ProviderFactory.java:165)
	at org.apache.maven.surefire.booter.ProviderFactory.invokeProvider(ProviderFactory.java:85)
	at org.apache.maven.surefire.booter.ForkedBooter.runSuitesInProcess(ForkedBooter.java:115)
	at org.apache.maven.surefire.booter.ForkedBooter.main(ForkedBooter.java:75)
2017-09-08 13:46:05,662 (main) [WARN - org.apache.hadoop.fs.FileUtil.deleteImpl(FileUtil.java:187)] Failed to delete file or dir [E:\tmp\flume-test.1504849565582.1\sequenceFileWriterSync\FlumeData.1504849565610.bz2.tmp]: it still exists.
2017-09-08 13:46:05,673 (main) [INFO - org.apache.flume.instrumentation.MonitoredCounterGroup.start(MonitoredCounterGroup.java:95)] Component type: SINK, name: HDFSEventSink-86a4d3f8-26c7-42c4-b32f-414200e70d46 started
2017-09-08 13:46:05,673 (main) [INFO - org.apache.flume.sink.hdfs.HDFSSequenceFile.configure(HDFSSequenceFile.java:63)] writeFormat = Writable, UseRawLocalFileSystem = false
2017-09-08 13:46:05,680 (main) [INFO - org.apache.flume.sink.hdfs.BucketWriter.open(BucketWriter.java:231)] Creating file:///tmp/flume-test.1504849565582.1/sequenceFileWriterSync/FlumeData.1504849565674.bz2.tmp
2017-09-08 13:46:05,690 (hdfs-HDFSEventSink-86a4d3f8-26c7-42c4-b32f-414200e70d46-call-runner-0) [INFO - org.apache.flume.sink.hdfs.AbstractHDFSWriter.reflectGetNumCurrentReplicas(AbstractHDFSWriter.java:189)] FileSystem&apos;s output stream doesn&apos;t support getNumCurrentReplicas; --HDFS-826 not available; fsOut=java.io.BufferedOutputStream; err=java.lang.NoSuchMethodException: java.io.BufferedOutputStream.getNumCurrentReplicas()
2017-09-08 13:46:05,690 (hdfs-HDFSEventSink-86a4d3f8-26c7-42c4-b32f-414200e70d46-call-runner-0) [DEBUG - org.apache.flume.sink.hdfs.AbstractHDFSWriter.reflectGetDefaultReplication(AbstractHDFSWriter.java:228)] Using FileSystem.getDefaultReplication(Path) from HADOOP-8014
2017-09-08 13:46:05,690 (main) [WARN - org.apache.flume.sink.hdfs.BucketWriter.getRefIsClosed(BucketWriter.java:182)] isFileClosed is not available in the version of HDFS being used. Flume will not attempt to close files if the close fails on the first attempt
java.lang.NoSuchMethodException: org.apache.hadoop.fs.LocalFileSystem.isFileClosed(org.apache.hadoop.fs.Path)
	at java.lang.Class.getMethod(Class.java:1786)
	at org.apache.flume.sink.hdfs.BucketWriter.getRefIsClosed(BucketWriter.java:179)
	at org.apache.flume.sink.hdfs.BucketWriter.open(BucketWriter.java:263)
	at org.apache.flume.sink.hdfs.BucketWriter.append(BucketWriter.java:504)
	at org.apache.flume.sink.hdfs.HDFSEventSink.process(HDFSEventSink.java:406)
	at org.apache.flume.sink.hdfs.TestHDFSEventSink.sequenceFileWriteAndVerifyEvents(TestHDFSEventSink.java:1400)
	at org.apache.flume.sink.hdfs.TestHDFSEventSink.testBlockCompressSequenceFileWriterSync(TestHDFSEventSink.java:1352)
	at sun.reflect.NativeMethodAccessorImpl.invoke0(Native Method)
	at sun.reflect.NativeMethodAccessorImpl.invoke(NativeMethodAccessorImpl.java:62)
	at sun.reflect.DelegatingMethodAccessorImpl.invoke(DelegatingMethodAccessorImpl.java:43)
	at java.lang.reflect.Method.invoke(Method.java:498)
	at org.junit.runners.model.FrameworkMethod$1.runReflectiveCall(FrameworkMethod.java:45)
	at org.junit.internal.runners.model.ReflectiveCallable.run(ReflectiveCallable.java:15)
	at org.junit.runners.model.FrameworkMethod.invokeExplosively(FrameworkMethod.java:42)
	at org.junit.internal.runners.statements.InvokeMethod.evaluate(InvokeMethod.java:20)
	at org.junit.internal.runners.statements.RunBefores.evaluate(RunBefores.java:28)
	at org.junit.internal.runners.statements.RunAfters.evaluate(RunAfters.java:30)
	at org.junit.runners.ParentRunner.runLeaf(ParentRunner.java:263)
	at org.junit.runners.BlockJUnit4ClassRunner.runChild(BlockJUnit4ClassRunner.java:68)
	at org.junit.runners.BlockJUnit4ClassRunner.runChild(BlockJUnit4ClassRunner.java:47)
	at org.junit.runners.ParentRunner$3.run(ParentRunner.java:231)
	at org.junit.runners.ParentRunner$1.schedule(ParentRunner.java:60)
	at org.junit.runners.ParentRunner.runChildren(ParentRunner.java:229)
	at org.junit.runners.ParentRunner.access$000(ParentRunner.java:50)
	at org.junit.runners.ParentRunner$2.evaluate(ParentRunner.java:222)
	at org.junit.runners.ParentRunner.run(ParentRunner.java:300)
	at org.apache.maven.surefire.junit4.JUnit4Provider.execute(JUnit4Provider.java:252)
	at org.apache.maven.surefire.junit4.JUnit4Provider.executeTestSet(JUnit4Provider.java:141)
	at org.apache.maven.surefire.junit4.JUnit4Provider.invoke(JUnit4Provider.java:112)
	at sun.reflect.NativeMethodAccessorImpl.invoke0(Native Method)
	at sun.reflect.NativeMethodAccessorImpl.invoke(NativeMethodAccessorImpl.java:62)
	at sun.reflect.DelegatingMethodAccessorImpl.invoke(DelegatingMethodAccessorImpl.java:43)
	at java.lang.reflect.Method.invoke(Method.java:498)
	at org.apache.maven.surefire.util.ReflectionUtils.invokeMethodWithArray(ReflectionUtils.java:189)
	at org.apache.maven.surefire.booter.ProviderFactory$ProviderProxy.invoke(ProviderFactory.java:165)
	at org.apache.maven.surefire.booter.ProviderFactory.invokeProvider(ProviderFactory.java:85)
	at org.apache.maven.surefire.booter.ForkedBooter.runSuitesInProcess(ForkedBooter.java:115)
	at org.apache.maven.surefire.booter.ForkedBooter.main(ForkedBooter.java:75)
2017-09-08 13:46:05,763 (main) [WARN - org.apache.hadoop.fs.FileUtil.deleteImpl(FileUtil.java:187)] Failed to delete file or dir [E:\tmp\flume-test.1504849565582.1\sequenceFileWriterSync\FlumeData.1504849565674.bz2.tmp]: it still exists.
</system-out>
  </testcase>
  <testcase classname="org.apache.flume.sink.hdfs.TestHDFSEventSink" name="testBadConfigurationForRetryIntervalZero" time="0.018"/>
  <testcase classname="org.apache.flume.sink.hdfs.TestHDFSEventSink" name="testBadConfigurationForRetryIntervalNegative" time="0.018"/>
  <testcase classname="org.apache.flume.sink.hdfs.TestHDFSEventSink" name="testEmptyChannelResultsInStatusBackoff" time="0.016"/>
  <testcase classname="org.apache.flume.sink.hdfs.TestHDFSEventSink" name="testBadConfigurationForRetryCountZero" time="0.013"/>
</testsuite>