<?xml version="1.0" encoding="UTF-8" ?>
<testsuite tests="3" failures="0" name="org.apache.flume.sink.hdfs.TestSequenceFileSerializerFactory" time="0.07" errors="0" skipped="0">
  <properties>
[...]
</properties>
  <testcase classname="org.apache.flume.sink.hdfs.TestSequenceFileSerializerFactory" name="getCustomFormatter" time="0.068"/>
  <testcase classname="org.apache.flume.sink.hdfs.TestSequenceFileSerializerFactory" name="getWritableFormatter" time="0.001"/>
  <testcase classname="org.apache.flume.sink.hdfs.TestSequenceFileSerializerFactory" name="getTextFormatter" time="0.001"/>
</testsuite>