<?xml version="1.0" encoding="UTF-8" ?>
<testsuite tests="11" failures="0" name="org.apache.flume.sink.hdfs.TestBucketWriter" time="7.087" errors="1" skipped="0">
  <properties>
[...]
</properties>
  <testcase classname="org.apache.flume.sink.hdfs.TestBucketWriter" name="testInUsePrefix" time="0.414"/>
  <testcase classname="org.apache.flume.sink.hdfs.TestBucketWriter" name="testInUseSuffix" time="0.023"/>
  <testcase classname="org.apache.flume.sink.hdfs.TestBucketWriter" name="testSizeRoller" time="0.195"/>
  <testcase classname="org.apache.flume.sink.hdfs.TestBucketWriter" name="testIntervalRollerBug" time="2.101"/>
  <testcase classname="org.apache.flume.sink.hdfs.TestBucketWriter" name="testSequenceFileRenameRetries" time="0.085">
    <error message="Mkdirs failed to create file:/tmp/flume-test.1504849490433.1/singleBucketfile:/tmp" type="java.io.IOException">java.io.IOException: Mkdirs failed to create file:/tmp/flume-test.1504849490433.1/singleBucketfile:/tmp
	at org.apache.hadoop.fs.ChecksumFileSystem.create(ChecksumFileSystem.java:438)
	at org.apache.hadoop.fs.ChecksumFileSystem.create(ChecksumFileSystem.java:424)
	at org.apache.hadoop.fs.FileSystem.create(FileSystem.java:906)
	at org.apache.hadoop.fs.FileSystem.create(FileSystem.java:887)
	at org.apache.hadoop.fs.FileSystem.create(FileSystem.java:784)
	at org.apache.hadoop.fs.FileSystem.create(FileSystem.java:773)
	at org.apache.flume.sink.hdfs.MockFileSystem.create(MockFileSystem.java:69)
	at org.apache.flume.sink.hdfs.HDFSDataStream.doOpen(HDFSDataStream.java:81)
	at org.apache.flume.sink.hdfs.HDFSDataStream.open(HDFSDataStream.java:108)
	at org.apache.flume.sink.hdfs.BucketWriter$1.call(BucketWriter.java:242)
	at org.apache.flume.sink.hdfs.BucketWriter$1.call(BucketWriter.java:232)
	at org.apache.flume.sink.hdfs.BucketWriter$9$1.run(BucketWriter.java:668)
	at org.apache.flume.auth.SimpleAuthenticator.execute(SimpleAuthenticator.java:50)
	at org.apache.flume.sink.hdfs.BucketWriter$9.call(BucketWriter.java:665)
	at java.util.concurrent.FutureTask.run(FutureTask.java:266)
	at java.util.concurrent.ThreadPoolExecutor.runWorker(ThreadPoolExecutor.java:1142)
	at java.util.concurrent.ThreadPoolExecutor$Worker.run(ThreadPoolExecutor.java:617)
	at java.lang.Thread.run(Thread.java:745)
</error>
    <system-out>2017-09-08 13:44:50,473 (main) [INFO - org.apache.flume.sink.hdfs.HDFSDataStream.configure(HDFSDataStream.java:57)] Serializer = TEXT, UseRawLocalFileSystem = false
2017-09-08 13:44:50,493 (main) [INFO - org.apache.flume.sink.hdfs.BucketWriter.open(BucketWriter.java:231)] Creating file:///tmp/flume-test.1504849490433.1/singleBucketfile:///tmp/flume-test.1504849490433.1.1504849490469.tmp
</system-out>
  </testcase>
  <testcase classname="org.apache.flume.sink.hdfs.TestBucketWriter" name="testIntervalRoller" time="4.039"/>
  <testcase classname="org.apache.flume.sink.hdfs.TestBucketWriter" name="testFileSuffixGiven" time="0.028"/>
  <testcase classname="org.apache.flume.sink.hdfs.TestBucketWriter" name="testCallbackOnClose" time="0.019"/>
  <testcase classname="org.apache.flume.sink.hdfs.TestBucketWriter" name="testFileSuffixCompressed" time="0.045"/>
  <testcase classname="org.apache.flume.sink.hdfs.TestBucketWriter" name="testFileSuffixNotGiven" time="0.012"/>
  <testcase classname="org.apache.flume.sink.hdfs.TestBucketWriter" name="testEventCountingRoller" time="0.126"/>
</testsuite>